<?xml version="1.0" encoding="UTF-8"?>
<coverage generated="1752740443027" clover="3.2.0">
  <project timestamp="1752740443027" name="All files">
    <metrics statements="6" coveredstatements="6" conditionals="0" coveredconditionals="0" methods="3" coveredmethods="3" elements="9" coveredelements="9" complexity="0" loc="6" ncloc="6" packages="1" files="1" classes="1"/>
    <file name="sweetShop.js" path="C:\Users\nirja\Desktop\New Folder\SweetShop\src\sweetShop.js">
      <metrics statements="6" coveredstatements="6" conditionals="0" coveredconditionals="0" methods="3" coveredmethods="3"/>
      <line num="3" count="1" type="stmt"/>
      <line num="4" count="1" type="stmt"/>
      <line num="8" count="1" type="stmt"/>
      <line num="15" count="1" type="stmt"/>
      <line num="19" count="1" type="stmt"/>
      <line num="23" count="1" type="stmt"/>
    </file>
  </project>
</coverage>
