<?xml version="1.0" encoding="UTF-8"?>
<coverage generated="1752744804399" clover="3.2.0">
  <project timestamp="1752744804400" name="All files">
    <metrics statements="30" coveredstatements="30" conditionals="33" coveredconditionals="27" methods="11" coveredmethods="11" elements="74" coveredelements="68" complexity="0" loc="30" ncloc="30" packages="1" files="1" classes="1"/>
    <file name="sweetShop.js" path="C:\Users\nirja\Desktop\New Folder\SweetShop\src\sweetShop.js">
      <metrics statements="30" coveredstatements="30" conditionals="33" coveredconditionals="27" methods="11" coveredmethods="11"/>
      <line num="3" count="12" type="stmt"/>
      <line num="4" count="12" type="stmt"/>
      <line num="8" count="24" type="stmt"/>
      <line num="15" count="24" type="stmt"/>
      <line num="19" count="5" type="stmt"/>
      <line num="22" count="2" type="stmt"/>
      <line num="23" count="2" type="cond" truecount="2" falsecount="0"/>
      <line num="25" count="1" type="cond" truecount="1" falsecount="1"/>
      <line num="26" count="1" type="cond" truecount="1" falsecount="1"/>
      <line num="27" count="1" type="cond" truecount="1" falsecount="1"/>
      <line num="28" count="1" type="cond" truecount="1" falsecount="1"/>
      <line num="30" count="1" type="stmt"/>
      <line num="33" count="2" type="stmt"/>
      <line num="34" count="2" type="cond" truecount="2" falsecount="0"/>
      <line num="35" count="1" type="stmt"/>
      <line num="36" count="1" type="stmt"/>
      <line num="40" count="3" type="stmt"/>
      <line num="41" count="9" type="cond" truecount="2" falsecount="0"/>
      <line num="42" count="9" type="cond" truecount="2" falsecount="0"/>
      <line num="43" count="9" type="cond" truecount="2" falsecount="0"/>
      <line num="44" count="9" type="cond" truecount="2" falsecount="0"/>
      <line num="46" count="9" type="cond" truecount="4" falsecount="0"/>
      <line num="50" count="4" type="stmt"/>
      <line num="51" count="4" type="cond" truecount="1" falsecount="1"/>
      <line num="53" count="4" type="stmt"/>
      <line num="54" count="15" type="cond" truecount="2" falsecount="0"/>
      <line num="55" count="7" type="cond" truecount="2" falsecount="0"/>
      <line num="59" count="8" type="cond" truecount="2" falsecount="0"/>
      <line num="65" count="4" type="stmt"/>
      <line num="70" count="1" type="stmt"/>
    </file>
  </project>
</coverage>
