{"C:\\Users\\nirja\\Desktop\\New Folder\\SweetShop\\src\\sweetShop.js": {"path":"C:\\Users\\nirja\\Desktop\\New Folder\\SweetShop\\src\\sweetShop.js","statementMap":{"0":{"start":{"line":3,"column":4},"end":{"line":3,"column":21}},"1":{"start":{"line":4,"column":4},"end":{"line":4,"column":23}},"2":{"start":{"line":8,"column":18},"end":{"line":14,"column":5}},"3":{"start":{"line":15,"column":4},"end":{"line":15,"column":28}},"4":{"start":{"line":19,"column":4},"end":{"line":19,"column":23}},"5":{"start":{"line":22,"column":16},"end":{"line":22,"column":50}},"6":{"start":{"line":22,"column":38},"end":{"line":22,"column":49}},"7":{"start":{"line":23,"column":2},"end":{"line":23,"column":27}},"8":{"start":{"line":23,"column":14},"end":{"line":23,"column":27}},"9":{"start":{"line":25,"column":2},"end":{"line":25,"column":54}},"10":{"start":{"line":25,"column":24},"end":{"line":25,"column":54}},"11":{"start":{"line":26,"column":2},"end":{"line":26,"column":66}},"12":{"start":{"line":26,"column":28},"end":{"line":26,"column":66}},"13":{"start":{"line":27,"column":2},"end":{"line":27,"column":71}},"14":{"start":{"line":27,"column":39},"end":{"line":27,"column":71}},"15":{"start":{"line":28,"column":2},"end":{"line":28,"column":80}},"16":{"start":{"line":28,"column":42},"end":{"line":28,"column":80}},"17":{"start":{"line":30,"column":2},"end":{"line":30,"column":14}},"18":{"start":{"line":33,"column":16},"end":{"line":33,"column":55}},"19":{"start":{"line":33,"column":43},"end":{"line":33,"column":54}},"20":{"start":{"line":34,"column":2},"end":{"line":34,"column":33}},"21":{"start":{"line":34,"column":20},"end":{"line":34,"column":33}},"22":{"start":{"line":35,"column":2},"end":{"line":35,"column":31}},"23":{"start":{"line":36,"column":2},"end":{"line":36,"column":14}},"24":{"start":{"line":40,"column":2},"end":{"line":47,"column":5}},"25":{"start":{"line":41,"column":22},"end":{"line":41,"column":89}},"26":{"start":{"line":42,"column":26},"end":{"line":42,"column":105}},"27":{"start":{"line":43,"column":26},"end":{"line":43,"column":81}},"28":{"start":{"line":44,"column":26},"end":{"line":44,"column":81}},"29":{"start":{"line":46,"column":4},"end":{"line":46,"column":72}},"30":{"start":{"line":50,"column":22},"end":{"line":50,"column":43}},"31":{"start":{"line":51,"column":2},"end":{"line":51,"column":60}},"32":{"start":{"line":51,"column":36},"end":{"line":51,"column":60}},"33":{"start":{"line":53,"column":17},"end":{"line":63,"column":4}},"34":{"start":{"line":54,"column":4},"end":{"line":62,"column":5}},"35":{"start":{"line":55,"column":6},"end":{"line":57,"column":43}},"36":{"start":{"line":59,"column":6},"end":{"line":61,"column":30}},"37":{"start":{"line":65,"column":2},"end":{"line":65,"column":16}},"38":{"start":{"line":70,"column":0},"end":{"line":70,"column":27}}},"fnMap":{"0":{"name":"(anonymous_0)","decl":{"start":{"line":2,"column":2},"end":{"line":2,"column":3}},"loc":{"start":{"line":2,"column":16},"end":{"line":5,"column":3}},"line":2},"1":{"name":"(anonymous_1)","decl":{"start":{"line":7,"column":2},"end":{"line":7,"column":3}},"loc":{"start":{"line":7,"column":48},"end":{"line":16,"column":3}},"line":7},"2":{"name":"(anonymous_2)","decl":{"start":{"line":18,"column":2},"end":{"line":18,"column":3}},"loc":{"start":{"line":18,"column":14},"end":{"line":20,"column":3}},"line":18},"3":{"name":"(anonymous_3)","decl":{"start":{"line":21,"column":2},"end":{"line":21,"column":3}},"loc":{"start":{"line":21,"column":31},"end":{"line":31,"column":1}},"line":21},"4":{"name":"(anonymous_4)","decl":{"start":{"line":22,"column":33},"end":{"line":22,"column":34}},"loc":{"start":{"line":22,"column":38},"end":{"line":22,"column":49}},"line":22},"5":{"name":"(anonymous_5)","decl":{"start":{"line":32,"column":0},"end":{"line":32,"column":1}},"loc":{"start":{"line":32,"column":16},"end":{"line":37,"column":1}},"line":32},"6":{"name":"(anonymous_6)","decl":{"start":{"line":33,"column":38},"end":{"line":33,"column":39}},"loc":{"start":{"line":33,"column":43},"end":{"line":33,"column":54}},"line":33},"7":{"name":"(anonymous_7)","decl":{"start":{"line":39,"column":0},"end":{"line":39,"column":1}},"loc":{"start":{"line":39,"column":53},"end":{"line":48,"column":1}},"line":39},"8":{"name":"(anonymous_8)","decl":{"start":{"line":40,"column":28},"end":{"line":40,"column":29}},"loc":{"start":{"line":40,"column":37},"end":{"line":47,"column":3}},"line":40},"9":{"name":"(anonymous_9)","decl":{"start":{"line":49,"column":0},"end":{"line":49,"column":1}},"loc":{"start":{"line":49,"column":33},"end":{"line":66,"column":1}},"line":49},"10":{"name":"(anonymous_10)","decl":{"start":{"line":53,"column":39},"end":{"line":53,"column":40}},"loc":{"start":{"line":53,"column":49},"end":{"line":63,"column":3}},"line":53}},"branchMap":{"0":{"loc":{"start":{"line":23,"column":2},"end":{"line":23,"column":27}},"type":"if","locations":[{"start":{"line":23,"column":2},"end":{"line":23,"column":27}},{"start":{},"end":{}}],"line":23},"1":{"loc":{"start":{"line":25,"column":2},"end":{"line":25,"column":54}},"type":"if","locations":[{"start":{"line":25,"column":2},"end":{"line":25,"column":54}},{"start":{},"end":{}}],"line":25},"2":{"loc":{"start":{"line":26,"column":2},"end":{"line":26,"column":66}},"type":"if","locations":[{"start":{"line":26,"column":2},"end":{"line":26,"column":66}},{"start":{},"end":{}}],"line":26},"3":{"loc":{"start":{"line":27,"column":2},"end":{"line":27,"column":71}},"type":"if","locations":[{"start":{"line":27,"column":2},"end":{"line":27,"column":71}},{"start":{},"end":{}}],"line":27},"4":{"loc":{"start":{"line":28,"column":2},"end":{"line":28,"column":80}},"type":"if","locations":[{"start":{"line":28,"column":2},"end":{"line":28,"column":80}},{"start":{},"end":{}}],"line":28},"5":{"loc":{"start":{"line":34,"column":2},"end":{"line":34,"column":33}},"type":"if","locations":[{"start":{"line":34,"column":2},"end":{"line":34,"column":33}},{"start":{},"end":{}}],"line":34},"6":{"loc":{"start":{"line":41,"column":22},"end":{"line":41,"column":89}},"type":"cond-expr","locations":[{"start":{"line":41,"column":29},"end":{"line":41,"column":82}},{"start":{"line":41,"column":85},"end":{"line":41,"column":89}}],"line":41},"7":{"loc":{"start":{"line":42,"column":26},"end":{"line":42,"column":105}},"type":"cond-expr","locations":[{"start":{"line":42,"column":37},"end":{"line":42,"column":98}},{"start":{"line":42,"column":101},"end":{"line":42,"column":105}}],"line":42},"8":{"loc":{"start":{"line":43,"column":26},"end":{"line":43,"column":81}},"type":"cond-expr","locations":[{"start":{"line":43,"column":51},"end":{"line":43,"column":74}},{"start":{"line":43,"column":77},"end":{"line":43,"column":81}}],"line":43},"9":{"loc":{"start":{"line":44,"column":26},"end":{"line":44,"column":81}},"type":"cond-expr","locations":[{"start":{"line":44,"column":51},"end":{"line":44,"column":74}},{"start":{"line":44,"column":77},"end":{"line":44,"column":81}}],"line":44},"10":{"loc":{"start":{"line":46,"column":11},"end":{"line":46,"column":71}},"type":"binary-expr","locations":[{"start":{"line":46,"column":11},"end":{"line":46,"column":20}},{"start":{"line":46,"column":24},"end":{"line":46,"column":37}},{"start":{"line":46,"column":41},"end":{"line":46,"column":54}},{"start":{"line":46,"column":58},"end":{"line":46,"column":71}}],"line":46},"11":{"loc":{"start":{"line":49,"column":18},"end":{"line":49,"column":31}},"type":"default-arg","locations":[{"start":{"line":49,"column":26},"end":{"line":49,"column":31}}],"line":49},"12":{"loc":{"start":{"line":51,"column":2},"end":{"line":51,"column":60}},"type":"if","locations":[{"start":{"line":51,"column":2},"end":{"line":51,"column":60}},{"start":{},"end":{}}],"line":51},"13":{"loc":{"start":{"line":54,"column":4},"end":{"line":62,"column":5}},"type":"if","locations":[{"start":{"line":54,"column":4},"end":{"line":62,"column":5}},{"start":{"line":58,"column":11},"end":{"line":62,"column":5}}],"line":54},"14":{"loc":{"start":{"line":55,"column":13},"end":{"line":57,"column":42}},"type":"cond-expr","locations":[{"start":{"line":56,"column":10},"end":{"line":56,"column":42}},{"start":{"line":57,"column":10},"end":{"line":57,"column":42}}],"line":55},"15":{"loc":{"start":{"line":59,"column":13},"end":{"line":61,"column":29}},"type":"cond-expr","locations":[{"start":{"line":60,"column":10},"end":{"line":60,"column":29}},{"start":{"line":61,"column":10},"end":{"line":61,"column":29}}],"line":59}},"s":{"0":12,"1":12,"2":24,"3":24,"4":5,"5":2,"6":1,"7":2,"8":1,"9":1,"10":1,"11":1,"12":1,"13":1,"14":1,"15":1,"16":1,"17":1,"18":2,"19":1,"20":2,"21":1,"22":1,"23":1,"24":3,"25":9,"26":9,"27":9,"28":9,"29":9,"30":4,"31":4,"32":0,"33":4,"34":15,"35":7,"36":8,"37":4,"38":1},"f":{"0":12,"1":24,"2":5,"3":2,"4":1,"5":2,"6":1,"7":3,"8":9,"9":4,"10":15},"b":{"0":[1,1],"1":[1,0],"2":[1,0],"3":[1,0],"4":[1,0],"5":[1,1],"6":[3,6],"7":[3,6],"8":[3,6],"9":[3,6],"10":[9,7,5,5],"11":[0],"12":[0,4],"13":[7,8],"14":[3,4],"15":[4,4]},"_coverageSchema":"1a1c01bbd47fc00a2c39e90264f33305004495a9","hash":"2cd4ad99bb168855dc54795de67096ec622f7947"}
}
