{"C:\\Users\\nirja\\Desktop\\New Folder\\SweetShop\\src\\sweetShop.js": {"path":"C:\\Users\\nirja\\Desktop\\New Folder\\SweetShop\\src\\sweetShop.js","statementMap":{"0":{"start":{"line":3,"column":4},"end":{"line":3,"column":21}},"1":{"start":{"line":4,"column":4},"end":{"line":4,"column":23}},"2":{"start":{"line":8,"column":18},"end":{"line":14,"column":5}},"3":{"start":{"line":15,"column":4},"end":{"line":15,"column":28}},"4":{"start":{"line":19,"column":4},"end":{"line":19,"column":23}},"5":{"start":{"line":22,"column":16},"end":{"line":22,"column":50}},"6":{"start":{"line":22,"column":38},"end":{"line":22,"column":49}},"7":{"start":{"line":23,"column":2},"end":{"line":23,"column":27}},"8":{"start":{"line":23,"column":14},"end":{"line":23,"column":27}},"9":{"start":{"line":25,"column":2},"end":{"line":25,"column":54}},"10":{"start":{"line":25,"column":24},"end":{"line":25,"column":54}},"11":{"start":{"line":26,"column":2},"end":{"line":26,"column":66}},"12":{"start":{"line":26,"column":28},"end":{"line":26,"column":66}},"13":{"start":{"line":27,"column":2},"end":{"line":27,"column":71}},"14":{"start":{"line":27,"column":39},"end":{"line":27,"column":71}},"15":{"start":{"line":28,"column":2},"end":{"line":28,"column":80}},"16":{"start":{"line":28,"column":42},"end":{"line":28,"column":80}},"17":{"start":{"line":30,"column":2},"end":{"line":30,"column":14}},"18":{"start":{"line":33,"column":16},"end":{"line":33,"column":55}},"19":{"start":{"line":33,"column":43},"end":{"line":33,"column":54}},"20":{"start":{"line":34,"column":2},"end":{"line":34,"column":33}},"21":{"start":{"line":34,"column":20},"end":{"line":34,"column":33}},"22":{"start":{"line":36,"column":2},"end":{"line":36,"column":31}},"23":{"start":{"line":37,"column":2},"end":{"line":37,"column":14}},"24":{"start":{"line":42,"column":0},"end":{"line":42,"column":27}}},"fnMap":{"0":{"name":"(anonymous_0)","decl":{"start":{"line":2,"column":2},"end":{"line":2,"column":3}},"loc":{"start":{"line":2,"column":16},"end":{"line":5,"column":3}},"line":2},"1":{"name":"(anonymous_1)","decl":{"start":{"line":7,"column":2},"end":{"line":7,"column":3}},"loc":{"start":{"line":7,"column":48},"end":{"line":16,"column":3}},"line":7},"2":{"name":"(anonymous_2)","decl":{"start":{"line":18,"column":2},"end":{"line":18,"column":3}},"loc":{"start":{"line":18,"column":14},"end":{"line":20,"column":3}},"line":18},"3":{"name":"(anonymous_3)","decl":{"start":{"line":21,"column":2},"end":{"line":21,"column":3}},"loc":{"start":{"line":21,"column":31},"end":{"line":31,"column":1}},"line":21},"4":{"name":"(anonymous_4)","decl":{"start":{"line":22,"column":33},"end":{"line":22,"column":34}},"loc":{"start":{"line":22,"column":38},"end":{"line":22,"column":49}},"line":22},"5":{"name":"(anonymous_5)","decl":{"start":{"line":32,"column":0},"end":{"line":32,"column":1}},"loc":{"start":{"line":32,"column":16},"end":{"line":38,"column":1}},"line":32},"6":{"name":"(anonymous_6)","decl":{"start":{"line":33,"column":38},"end":{"line":33,"column":39}},"loc":{"start":{"line":33,"column":43},"end":{"line":33,"column":54}},"line":33}},"branchMap":{"0":{"loc":{"start":{"line":23,"column":2},"end":{"line":23,"column":27}},"type":"if","locations":[{"start":{"line":23,"column":2},"end":{"line":23,"column":27}},{"start":{},"end":{}}],"line":23},"1":{"loc":{"start":{"line":25,"column":2},"end":{"line":25,"column":54}},"type":"if","locations":[{"start":{"line":25,"column":2},"end":{"line":25,"column":54}},{"start":{},"end":{}}],"line":25},"2":{"loc":{"start":{"line":26,"column":2},"end":{"line":26,"column":66}},"type":"if","locations":[{"start":{"line":26,"column":2},"end":{"line":26,"column":66}},{"start":{},"end":{}}],"line":26},"3":{"loc":{"start":{"line":27,"column":2},"end":{"line":27,"column":71}},"type":"if","locations":[{"start":{"line":27,"column":2},"end":{"line":27,"column":71}},{"start":{},"end":{}}],"line":27},"4":{"loc":{"start":{"line":28,"column":2},"end":{"line":28,"column":80}},"type":"if","locations":[{"start":{"line":28,"column":2},"end":{"line":28,"column":80}},{"start":{},"end":{}}],"line":28},"5":{"loc":{"start":{"line":34,"column":2},"end":{"line":34,"column":33}},"type":"if","locations":[{"start":{"line":34,"column":2},"end":{"line":34,"column":33}},{"start":{},"end":{}}],"line":34}},"s":{"0":5,"1":5,"2":3,"3":3,"4":5,"5":2,"6":1,"7":2,"8":1,"9":1,"10":1,"11":1,"12":1,"13":1,"14":1,"15":1,"16":1,"17":1,"18":2,"19":1,"20":2,"21":1,"22":1,"23":1,"24":1},"f":{"0":5,"1":3,"2":5,"3":2,"4":1,"5":2,"6":1},"b":{"0":[1,1],"1":[1,0],"2":[1,0],"3":[1,0],"4":[1,0],"5":[1,1]},"_coverageSchema":"1a1c01bbd47fc00a2c39e90264f33305004495a9","hash":"e6d852b6939c197076b92f2162e3fe7932100d56"}
}
