TN:
SF:src\sweetShop.js
FN:2,(anonymous_0)
FN:7,(anonymous_1)
FN:18,(anonymous_2)
FN:21,(anonymous_3)
FN:22,(anonymous_4)
FN:32,(anonymous_5)
FN:33,(anonymous_6)
FN:39,(anonymous_7)
FN:40,(anonymous_8)
FN:49,(anonymous_9)
FN:53,(anonymous_10)
FNF:11
FNH:11
FNDA:12,(anonymous_0)
FNDA:24,(anonymous_1)
FNDA:5,(anonymous_2)
FNDA:2,(anonymous_3)
FNDA:1,(anonymous_4)
FNDA:2,(anonymous_5)
FNDA:1,(anonymous_6)
FNDA:3,(anonymous_7)
FNDA:9,(anonymous_8)
FNDA:4,(anonymous_9)
FNDA:15,(anonymous_10)
DA:3,12
DA:4,12
DA:8,24
DA:15,24
DA:19,5
DA:22,2
DA:23,2
DA:25,1
DA:26,1
DA:27,1
DA:28,1
DA:30,1
DA:33,2
DA:34,2
DA:35,1
DA:36,1
DA:40,3
DA:41,9
DA:42,9
DA:43,9
DA:44,9
DA:46,9
DA:50,4
DA:51,4
DA:53,4
DA:54,15
DA:55,7
DA:59,8
DA:65,4
DA:70,1
LF:30
LH:30
BRDA:23,0,0,1
BRDA:23,0,1,1
BRDA:25,1,0,1
BRDA:25,1,1,0
BRDA:26,2,0,1
BRDA:26,2,1,0
BRDA:27,3,0,1
BRDA:27,3,1,0
BRDA:28,4,0,1
BRDA:28,4,1,0
BRDA:34,5,0,1
BRDA:34,5,1,1
BRDA:41,6,0,3
BRDA:41,6,1,6
BRDA:42,7,0,3
BRDA:42,7,1,6
BRDA:43,8,0,3
BRDA:43,8,1,6
BRDA:44,9,0,3
BRDA:44,9,1,6
BRDA:46,10,0,9
BRDA:46,10,1,7
BRDA:46,10,2,5
BRDA:46,10,3,5
BRDA:49,11,0,0
BRDA:51,12,0,0
BRDA:51,12,1,4
BRDA:54,13,0,7
BRDA:54,13,1,8
BRDA:55,14,0,3
BRDA:55,14,1,4
BRDA:59,15,0,4
BRDA:59,15,1,4
BRF:33
BRH:27
end_of_record
