TN:
SF:src\sweetShop.js
FN:2,(anonymous_0)
FN:7,(anonymous_1)
FN:18,(anonymous_2)
FN:21,(anonymous_3)
FN:22,(anonymous_4)
FN:32,(anonymous_5)
FN:33,(anonymous_6)
FNF:7
FNH:7
FNDA:5,(anonymous_0)
FNDA:3,(anonymous_1)
FNDA:5,(anonymous_2)
FNDA:2,(anonymous_3)
FNDA:1,(anonymous_4)
FNDA:2,(anonymous_5)
FNDA:1,(anonymous_6)
DA:3,5
DA:4,5
DA:8,3
DA:15,3
DA:19,5
DA:22,2
DA:23,2
DA:25,1
DA:26,1
DA:27,1
DA:28,1
DA:30,1
DA:33,2
DA:34,2
DA:36,1
DA:37,1
DA:42,1
LF:17
LH:17
BRDA:23,0,0,1
BRDA:23,0,1,1
BRDA:25,1,0,1
BRDA:25,1,1,0
BRDA:26,2,0,1
BRDA:26,2,1,0
BRDA:27,3,0,1
BRDA:27,3,1,0
BRDA:28,4,0,1
BRDA:28,4,1,0
BRDA:34,5,0,1
BRDA:34,5,1,1
BRF:12
BRH:8
end_of_record
